files have been inserted 2025-02-03 14:03:18,790 INFO
files have been inserted 2025-02-03 14:04:16,796 INFO
['/home/conrad/conrad/practice/python-practice/'] 2025-02-03 14:04:16,796 INFO
files have been inserted 2025-02-03 14:05:55,344 INFO
['/home/conrad/conrad/practice/python-practice/file1.pdf', '/home/conrad/conrad/practice/python-practice/file.pdf'] 2025-02-03 14:05:55,344 INFO
files have been inserted 2025-02-03 14:39:36,450 INFO
['/home/conrad/conrad/practice/python-practice/pdf2.pdf', '/home/conrad/conrad/practice/python-practice/pdf1.pdf'] 2025-02-03 14:39:36,450 INFO
files have been inserted 2025-02-03 14:39:39,190 INFO
['/home/conrad/conrad/practice/python-practice/pdf2.pdf', '/home/conrad/conrad/practice/python-practice/pdf1.pdf'] 2025-02-03 14:39:39,190 INFO
files have been inserted 2025-02-03 14:59:40,076 INFO
[] 2025-02-03 14:59:40,076 INFO
files have been inserted 2025-02-03 15:00:24,423 INFO
['/home/conrad/conrad/practice/python-practice/pdf2.pdf', '/home/conrad/conrad/practice/python-practice/pdf1.pdf'] 2025-02-03 15:00:24,423 INFO
files have been inserted 2025-02-03 15:03:31,604 INFO
[] 2025-02-03 15:03:31,604 INFO
files have been inserted 2025-02-03 15:03:32,844 INFO
[] 2025-02-03 15:03:32,844 INFO
files have been inserted 2025-02-03 15:05:31,658 INFO
[] 2025-02-03 15:05:31,658 INFO
files have been inserted 2025-02-03 15:06:24,772 INFO
['./pdf2.pdf', './pdf1.pdf', './combined.pdf'] 2025-02-03 15:06:24,772 INFO
files have been inserted 2025-02-03 15:07:43,508 INFO
['./pdf2.pdf', './pdf1.pdf', './combined.pdf'] 2025-02-03 15:07:43,508 INFO
files have been inserted 2025-02-03 15:07:46,625 INFO
[] 2025-02-03 15:07:46,625 INFO
files have been inserted 2025-02-03 15:09:12,228 INFO
[] 2025-02-03 15:09:12,228 INFO
files have been inserted 2025-02-03 15:10:02,825 INFO
['./pdf2.pdf', './pdf1.pdf', './combined.pdf'] 2025-02-03 15:10:02,825 INFO
Successfully inserted pdfs 2025-02-03 15:16:12,588 INFO
Successfully inserted pdfs 2025-02-03 15:16:12,588 INFO
Successfully inserted pdfs 2025-02-03 15:16:12,589 INFO
saving combined pdf 2025-02-03 15:16:12,589 INFO
files have been inserted 2025-02-03 15:47:11,342 INFO
['./pdf2.pdf', './pdf1.pdf', './combined.pdf'] 2025-02-03 15:47:11,342 INFO
Successfully inserted pdfs 2025-02-03 15:47:11,343 INFO
Successfully inserted pdfs 2025-02-03 15:47:11,344 INFO
Successfully inserted pdfs 2025-02-03 15:47:11,345 INFO
saving combined pdf 2025-02-03 15:47:11,345 INFO
files have been inserted 2025-02-03 15:48:01,015 INFO
['./pdf2.pdf', './pdf1.pdf', './combined.pdf'] 2025-02-03 15:48:01,015 INFO
Successfully inserted pdfs 2025-02-03 15:48:01,016 INFO
Successfully inserted pdfs 2025-02-03 15:48:01,017 INFO
Successfully inserted pdfs 2025-02-03 15:48:01,017 INFO
saving combined pdf 2025-02-03 15:48:01,017 INFO
files have been inserted 2025-02-03 15:48:01,985 INFO
['./pdf2.pdf', './pdf1.pdf', './combined.pdf'] 2025-02-03 15:48:01,985 INFO
Successfully inserted pdfs 2025-02-03 15:48:01,986 INFO
Successfully inserted pdfs 2025-02-03 15:48:01,986 INFO
Successfully inserted pdfs 2025-02-03 15:48:01,987 INFO
saving combined pdf 2025-02-03 15:48:01,987 INFO
files have been inserted 2025-02-03 15:48:15,392 INFO
['./pdf2.pdf', './pdf1.pdf', './combined.pdf'] 2025-02-03 15:48:15,392 INFO
Successfully inserted pdfs 2025-02-03 15:48:15,393 INFO
Successfully inserted pdfs 2025-02-03 15:48:15,393 INFO
Successfully inserted pdfs 2025-02-03 15:48:15,394 INFO
saving combined pdf 2025-02-03 15:48:15,394 INFO
files have been inserted 2025-02-03 15:50:16,433 INFO
['./pdf2.pdf', './pdf1.pdf', './combined.pdf'] 2025-02-03 15:50:16,433 INFO
Successfully inserted pdfs 2025-02-03 15:50:16,434 INFO
Successfully inserted pdfs 2025-02-03 15:50:16,435 INFO
Successfully inserted pdfs 2025-02-03 15:50:16,436 INFO
saving combined pdf 2025-02-03 15:50:16,436 INFO
